# JRE version: OpenJDK Runtime Environment (19.0.1+10) (build 19.0.1+10-21)
# Java VM: OpenJDK 64-Bit Server VM (19.0.1+10-21, mixed mode, sharing, tiered, compressed oops, compressed class ptrs, g1 gc, windows-amd64)
GC Precious Log:
 CardTable entry size: 512
 Card Set container configuration: InlinePtr #cards 5 size 8 Array Of Cards #cards 12 size 40 Howl #buckets 4 coarsen threshold 1843 Howl Bitmap #cards 512 size 80 coarsen threshold 460 Card regions per heap region 1 cards per card region 2048
 CPUs: 12 total, 12 available
 Memory: 8143M
 Large Page Support: Disabled
 NUMA Support: Disabled
 Compressed Oops: Enabled (32-bit)
 Heap Region Size: 1M
 Heap Min Capacity: 8M
 Heap Initial Capacity: 128M
 Heap Max Capacity: 2036M
 Pre-touch: Disabled
 Parallel Workers: 10
 Concurrent Workers: 3
 Concurrent Refinement Workers: 10
 Periodic GC: Disabled
Heap:
 garbage-first heap   total 131072K, used 53516K [0x0000000080c00000, 0x0000000100000000)
  region size 1024K, 34 young (34816K), 9 survivors (9216K)
 Metaspace       used 7948K, committed 8192K, reserved 1114112K
  class space    used 448K, committed 576K, reserved 1048576K
GC Heap History (10 events):
Event: 0.834 GC heap before
{Heap before GC invocations=0 (full 0):
 garbage-first heap   total 131072K, used 22528K [0x0000000080c00000, 0x0000000100000000)
  region size 1024K, 23 young (23552K), 0 survivors (0K)
 Metaspace       used 5417K, committed 5632K, reserved 1114112K
  class space    used 344K, committed 448K, reserved 1048576K
}
Event: 0.841 GC heap after
{Heap after GC invocations=1 (full 0):
 garbage-first heap   total 131072K, used 6864K [0x0000000080c00000, 0x0000000100000000)
  region size 1024K, 3 young (3072K), 3 survivors (3072K)
 Metaspace       used 5417K, committed 5632K, reserved 1114112K
  class space    used 344K, committed 448K, reserved 1048576K
}
Event: 0.927 GC heap before
{Heap before GC invocations=1 (full 0):
 garbage-first heap   total 131072K, used 33488K [0x0000000080c00000, 0x0000000100000000)
  region size 1024K, 28 young (28672K), 3 survivors (3072K)
 Metaspace       used 5561K, committed 5760K, reserved 1114112K
  class space    used 345K, committed 448K, reserved 1048576K
}
Event: 0.936 GC heap after
{Heap after GC invocations=2 (full 0):
 garbage-first heap   total 131072K, used 15081K [0x0000000080c00000, 0x0000000100000000)
  region size 1024K, 4 young (4096K), 4 survivors (4096K)
 Metaspace       used 5561K, committed 5760K, reserved 1114112K
  class space    used 345K, committed 448K, reserved 1048576K
}
Event: 1.056 GC heap before
{Heap before GC invocations=2 (full 0):
 garbage-first heap   total 131072K, used 69353K [0x0000000080c00000, 0x0000000100000000)
  region size 1024K, 58 young (59392K), 4 survivors (4096K)
 Metaspace       used 5881K, committed 6144K, reserved 1114112K
  class space    used 375K, committed 512K, reserved 1048576K
}
Event: 1.062 GC heap after
{Heap after GC invocations=3 (full 0):
 garbage-first heap   total 131072K, used 17308K [0x0000000080c00000, 0x0000000100000000)
  region size 1024K, 7 young (7168K), 7 survivors (7168K)
 Metaspace       used 5881K, committed 6144K, reserved 1114112K
  class space    used 375K, committed 512K, reserved 1048576K
}
Event: 1.212 GC heap before
{Heap before GC invocations=3 (full 0):
 garbage-first heap   total 131072K, used 87964K [0x0000000080c00000, 0x0000000100000000)
  region size 1024K, 76 young (77824K), 7 survivors (7168K)
 Metaspace       used 5901K, committed 6144K, reserved 1114112K
  class space    used 376K, committed 512K, reserved 1048576K
}
Event: 1.223 GC heap after
{Heap after GC invocations=4 (full 0):
 garbage-first heap   total 131072K, used 21381K [0x0000000080c00000, 0x0000000100000000)
  region size 1024K, 6 young (6144K), 6 survivors (6144K)
 Metaspace       used 5901K, committed 6144K, reserved 1114112K
  class space    used 376K, committed 512K, reserved 1048576K
}
Event: 1.298 GC heap before
{Heap before GC invocations=4 (full 0):
 garbage-first heap   total 131072K, used 93061K [0x0000000080c00000, 0x0000000100000000)
  region size 1024K, 76 young (77824K), 6 survivors (6144K)
 Metaspace       used 5901K, committed 6144K, reserved 1114112K
  class space    used 376K, committed 512K, reserved 1048576K
}
Event: 1.309 GC heap after
{Heap after GC invocations=5 (full 0):
 garbage-first heap   total 131072K, used 26892K [0x0000000080c00000, 0x0000000100000000)
  region size 1024K, 9 young (9216K), 9 survivors (9216K)
 Metaspace       used 5901K, committed 6144K, reserved 1114112K
  class space    used 376K, committed 512K, reserved 1048576K
}

